{"C:\\Users\\AugustineA\\Desktop\\Projects\\Personal\\DateX2.0-Backend\\src\\data-source\\AppDataSource.ts": {"path":"C:\\Users\\AugustineA\\Desktop\\Projects\\Personal\\DateX2.0-Backend\\src\\data-source\\AppDataSource.ts","statementMap":{"0":{"start":{"line":1,"column":0},"end":{"line":1,"column":37}},"1":{"start":{"line":3,"column":0},"end":{"line":3,"column":38}},"2":{"start":{"line":5,"column":13},"end":{"line":13,"column":3}}},"fnMap":{},"branchMap":{},"s":{"0":1,"1":1,"2":1},"f":{},"b":{}}
,"C:\\Users\\AugustineA\\Desktop\\Projects\\Personal\\DateX2.0-Backend\\src\\entity\\User.ts": {"path":"C:\\Users\\AugustineA\\Desktop\\Projects\\Personal\\DateX2.0-Backend\\src\\entity\\User.ts","statementMap":{"0":{"start":{"line":1,"column":0},"end":{"line":1,"column":68}},"1":{"start":{"line":4,"column":0},"end":{"line":19,"column":null}},"2":{"start":{"line":6,"column":2},"end":{"line":6,"column":null}},"3":{"start":{"line":9,"column":2},"end":{"line":9,"column":null}},"4":{"start":{"line":12,"column":2},"end":{"line":12,"column":null}},"5":{"start":{"line":15,"column":2},"end":{"line":15,"column":null}},"6":{"start":{"line":18,"column":2},"end":{"line":18,"column":null}},"7":{"start":{"line":4,"column":13},"end":{"line":19,"column":null}},"8":{"start":{"line":4,"column":13},"end":{"line":4,"column":17}}},"fnMap":{},"branchMap":{},"s":{"0":1,"1":1,"2":1,"3":1,"4":1,"5":1,"6":1,"7":1,"8":1},"f":{},"b":{}}
,"C:\\Users\\AugustineA\\Desktop\\Projects\\Personal\\DateX2.0-Backend\\src\\graphql\\typedefs.ts": {"path":"C:\\Users\\AugustineA\\Desktop\\Projects\\Personal\\DateX2.0-Backend\\src\\graphql\\typedefs.ts","statementMap":{"0":{"start":{"line":1,"column":0},"end":{"line":1,"column":44}},"1":{"start":{"line":3,"column":0},"end":{"line":41,"column":2}}},"fnMap":{},"branchMap":{},"s":{"0":1,"1":1},"f":{},"b":{}}
,"C:\\Users\\AugustineA\\Desktop\\Projects\\Personal\\DateX2.0-Backend\\src\\graphql\\resolvers\\UserResolvers.ts": {"path":"C:\\Users\\AugustineA\\Desktop\\Projects\\Personal\\DateX2.0-Backend\\src\\graphql\\resolvers\\UserResolvers.ts","statementMap":{"0":{"start":{"line":1,"column":0},"end":{"line":1,"column":30}},"1":{"start":{"line":2,"column":0},"end":{"line":2,"column":36}},"2":{"start":{"line":4,"column":0},"end":{"line":4,"column":41}},"3":{"start":{"line":5,"column":0},"end":{"line":5,"column":64}},"4":{"start":{"line":6,"column":0},"end":{"line":6,"column":57}},"5":{"start":{"line":8,"column":23},"end":{"line":8,"column":56}},"6":{"start":{"line":10,"column":0},"end":{"line":84,"column":2}},"7":{"start":{"line":12,"column":53},"end":{"line":20,"column":null}},"8":{"start":{"line":13,"column":25},"end":{"line":13,"column":78}},"9":{"start":{"line":15,"column":12},"end":{"line":17,"column":null}},"10":{"start":{"line":16,"column":16},"end":{"line":16,"column":76}},"11":{"start":{"line":19,"column":12},"end":{"line":19,"column":24}},"12":{"start":{"line":26,"column":12},"end":{"line":62,"column":null}},"13":{"start":{"line":28,"column":35},"end":{"line":30,"column":14}},"14":{"start":{"line":32,"column":12},"end":{"line":34,"column":null}},"15":{"start":{"line":33,"column":16},"end":{"line":33,"column":77}},"16":{"start":{"line":36,"column":32},"end":{"line":36,"column":73}},"17":{"start":{"line":38,"column":12},"end":{"line":40,"column":null}},"18":{"start":{"line":39,"column":16},"end":{"line":39,"column":74}},"19":{"start":{"line":43,"column":12},"end":{"line":43,"column":55}},"20":{"start":{"line":46,"column":28},"end":{"line":46,"column":38}},"21":{"start":{"line":47,"column":12},"end":{"line":47,"column":40}},"22":{"start":{"line":48,"column":12},"end":{"line":48,"column":34}},"23":{"start":{"line":49,"column":12},"end":{"line":49,"column":40}},"24":{"start":{"line":50,"column":12},"end":{"line":50,"column":30}},"25":{"start":{"line":51,"column":12},"end":{"line":51,"column":34}},"26":{"start":{"line":54,"column":24},"end":{"line":54,"column":58}},"27":{"start":{"line":56,"column":26},"end":{"line":56,"column":44}},"28":{"start":{"line":58,"column":12},"end":{"line":60,"column":null}},"29":{"start":{"line":66,"column":12},"end":{"line":82,"column":null}},"30":{"start":{"line":68,"column":25},"end":{"line":68,"column":69}},"31":{"start":{"line":70,"column":12},"end":{"line":70,"column":69}},"32":{"start":{"line":70,"column":23},"end":{"line":70,"column":69}},"33":{"start":{"line":73,"column":34},"end":{"line":73,"column":79}},"34":{"start":{"line":74,"column":12},"end":{"line":74,"column":77}},"35":{"start":{"line":74,"column":32},"end":{"line":74,"column":77}},"36":{"start":{"line":76,"column":26},"end":{"line":76,"column":45}},"37":{"start":{"line":78,"column":12},"end":{"line":80,"column":null}}},"fnMap":{"0":{"name":"(anonymous_8)","decl":{"start":{"line":12,"column":17},"end":{"line":12,"column":24}},"loc":{"start":{"line":12,"column":53},"end":{"line":20,"column":null}}},"1":{"name":"(anonymous_9)","decl":{"start":{"line":12,"column":53},"end":{"line":12,"column":null}},"loc":{"start":{"line":12,"column":53},"end":{"line":20,"column":9}}},"2":{"name":"(anonymous_10)","decl":{"start":{"line":23,"column":18},"end":{"line":23,"column":null}},"loc":{"start":{"line":26,"column":12},"end":{"line":62,"column":null}}},"3":{"name":"(anonymous_11)","decl":{"start":{"line":26,"column":12},"end":{"line":26,"column":null}},"loc":{"start":{"line":26,"column":12},"end":{"line":62,"column":9}}},"4":{"name":"(anonymous_12)","decl":{"start":{"line":63,"column":15},"end":{"line":63,"column":null}},"loc":{"start":{"line":66,"column":12},"end":{"line":82,"column":null}}},"5":{"name":"(anonymous_13)","decl":{"start":{"line":66,"column":12},"end":{"line":66,"column":null}},"loc":{"start":{"line":66,"column":12},"end":{"line":82,"column":9}}}},"branchMap":{"0":{"loc":{"start":{"line":15,"column":12},"end":{"line":17,"column":null}},"type":"if","locations":[{"start":{"line":15,"column":12},"end":{"line":17,"column":null}}]},"1":{"loc":{"start":{"line":32,"column":12},"end":{"line":34,"column":null}},"type":"if","locations":[{"start":{"line":32,"column":12},"end":{"line":34,"column":null}}]},"2":{"loc":{"start":{"line":38,"column":12},"end":{"line":40,"column":null}},"type":"if","locations":[{"start":{"line":38,"column":12},"end":{"line":40,"column":null}}]},"3":{"loc":{"start":{"line":70,"column":12},"end":{"line":70,"column":69}},"type":"if","locations":[{"start":{"line":70,"column":12},"end":{"line":70,"column":69}}]},"4":{"loc":{"start":{"line":74,"column":12},"end":{"line":74,"column":77}},"type":"if","locations":[{"start":{"line":74,"column":12},"end":{"line":74,"column":77}}]}},"s":{"0":1,"1":1,"2":1,"3":1,"4":1,"5":1,"6":1,"7":2,"8":2,"9":2,"10":1,"11":1,"12":4,"13":4,"14":4,"15":1,"16":3,"17":3,"18":1,"19":2,"20":2,"21":2,"22":2,"23":2,"24":2,"25":2,"26":2,"27":2,"28":2,"29":4,"30":4,"31":4,"32":1,"33":3,"34":3,"35":1,"36":2,"37":2},"f":{"0":2,"1":2,"2":4,"3":4,"4":4,"5":4},"b":{"0":[1],"1":[1],"2":[1],"3":[1],"4":[1]}}
,"C:\\Users\\AugustineA\\Desktop\\Projects\\Personal\\DateX2.0-Backend\\src\\graphql\\resolvers\\index.ts": {"path":"C:\\Users\\AugustineA\\Desktop\\Projects\\Personal\\DateX2.0-Backend\\src\\graphql\\resolvers\\index.ts","statementMap":{"0":{"start":{"line":1,"column":0},"end":{"line":1,"column":44}},"1":{"start":{"line":3,"column":0},"end":{"line":10,"column":2}}},"fnMap":{},"branchMap":{},"s":{"0":1,"1":1},"f":{},"b":{}}
,"C:\\Users\\AugustineA\\Desktop\\Projects\\Personal\\DateX2.0-Backend\\src\\util\\jwt-functions.ts": {"path":"C:\\Users\\AugustineA\\Desktop\\Projects\\Personal\\DateX2.0-Backend\\src\\util\\jwt-functions.ts","statementMap":{"0":{"start":{"line":1,"column":0},"end":{"line":1,"column":31}},"1":{"start":{"line":3,"column":19},"end":{"line":3,"column":51}},"2":{"start":{"line":14,"column":36},"end":{"line":14,"column":40}},"3":{"start":{"line":16,"column":18},"end":{"line":18,"column":6}},"4":{"start":{"line":20,"column":4},"end":{"line":20,"column":17}},"5":{"start":{"line":13,"column":0},"end":{"line":13,"column":16}},"6":{"start":{"line":24,"column":17},"end":{"line":24,"column":46}},"7":{"start":{"line":26,"column":4},"end":{"line":26,"column":16}},"8":{"start":{"line":23,"column":0},"end":{"line":23,"column":16}}},"fnMap":{"0":{"name":"generateToken","decl":{"start":{"line":13,"column":16},"end":{"line":13,"column":29}},"loc":{"start":{"line":13,"column":40},"end":{"line":21,"column":1}}},"1":{"name":"validateToken","decl":{"start":{"line":23,"column":16},"end":{"line":23,"column":29}},"loc":{"start":{"line":23,"column":43},"end":{"line":27,"column":1}}}},"branchMap":{},"s":{"0":2,"1":2,"2":5,"3":5,"4":5,"5":2,"6":1,"7":1,"8":2},"f":{"0":5,"1":1},"b":{}}
,"C:\\Users\\AugustineA\\Desktop\\Projects\\Personal\\DateX2.0-Backend\\test\\GraphQLTestClient.ts": {"path":"C:\\Users\\AugustineA\\Desktop\\Projects\\Personal\\DateX2.0-Backend\\test\\GraphQLTestClient.ts","statementMap":{"0":{"start":{"line":1,"column":0},"end":{"line":1,"column":61}},"1":{"start":{"line":3,"column":0},"end":{"line":3,"column":34}},"2":{"start":{"line":4,"column":0},"end":{"line":4,"column":47}},"3":{"start":{"line":5,"column":0},"end":{"line":5,"column":49}},"4":{"start":{"line":7,"column":15},"end":{"line":7,"column":60}},"5":{"start":{"line":9,"column":33},"end":{"line":20,"column":2}},"6":{"start":{"line":12,"column":4},"end":{"line":20,"column":2}},"7":{"start":{"line":13,"column":18},"end":{"line":17,"column":4}},"8":{"start":{"line":19,"column":2},"end":{"line":19,"column":17}},"9":{"start":{"line":9,"column":13},"end":{"line":9,"column":33}}},"fnMap":{"0":{"name":"(anonymous_8)","decl":{"start":{"line":9,"column":33},"end":{"line":9,"column":null}},"loc":{"start":{"line":12,"column":4},"end":{"line":20,"column":2}}},"1":{"name":"(anonymous_9)","decl":{"start":{"line":12,"column":4},"end":{"line":12,"column":null}},"loc":{"start":{"line":12,"column":4},"end":{"line":20,"column":1}}}},"branchMap":{},"s":{"0":1,"1":1,"2":1,"3":1,"4":1,"5":1,"6":10,"7":10,"8":10,"9":1},"f":{"0":10,"1":10},"b":{}}
,"C:\\Users\\AugustineA\\Desktop\\Projects\\Personal\\DateX2.0-Backend\\test\\query.ts": {"path":"C:\\Users\\AugustineA\\Desktop\\Projects\\Personal\\DateX2.0-Backend\\test\\query.ts","statementMap":{"0":{"start":{"line":1,"column":13},"end":{"line":7,"column":2}},"1":{"start":{"line":9,"column":13},"end":{"line":15,"column":2}},"2":{"start":{"line":17,"column":13},"end":{"line":23,"column":2}}},"fnMap":{},"branchMap":{},"s":{"0":1,"1":1,"2":1},"f":{},"b":{}}
}
