TN:
SF:src\data-source\AppDataSource.ts
FNF:0
FNH:0
DA:1,1
DA:3,1
DA:5,1
LF:3
LH:3
BRF:0
BRH:0
end_of_record
TN:
SF:src\entity\User.ts
FNF:0
FNH:0
DA:1,1
DA:4,1
DA:6,1
DA:9,1
DA:12,1
DA:15,1
DA:18,1
LF:7
LH:7
BRF:0
BRH:0
end_of_record
TN:
SF:src\graphql\typedefs.ts
FNF:0
FNH:0
DA:1,1
DA:3,1
LF:2
LH:2
BRF:0
BRH:0
end_of_record
TN:
SF:src\graphql\resolvers\UserResolvers.ts
FN:12,(anonymous_8)
FN:12,(anonymous_9)
FN:23,(anonymous_10)
FN:26,(anonymous_11)
FN:63,(anonymous_12)
FN:66,(anonymous_13)
FNF:6
FNH:6
FNDA:2,(anonymous_8)
FNDA:2,(anonymous_9)
FNDA:4,(anonymous_10)
FNDA:4,(anonymous_11)
FNDA:4,(anonymous_12)
FNDA:4,(anonymous_13)
DA:1,1
DA:2,1
DA:4,1
DA:5,1
DA:6,1
DA:8,1
DA:10,1
DA:12,2
DA:13,2
DA:15,2
DA:16,1
DA:19,1
DA:26,4
DA:28,4
DA:32,4
DA:33,1
DA:36,3
DA:38,3
DA:39,1
DA:43,2
DA:46,2
DA:47,2
DA:48,2
DA:49,2
DA:50,2
DA:51,2
DA:54,2
DA:56,2
DA:58,2
DA:66,4
DA:68,4
DA:70,4
DA:73,3
DA:74,3
DA:76,2
DA:78,2
LF:36
LH:36
BRDA:15,0,0,1
BRDA:32,1,0,1
BRDA:38,2,0,1
BRDA:70,3,0,1
BRDA:74,4,0,1
BRF:5
BRH:5
end_of_record
TN:
SF:src\graphql\resolvers\index.ts
FNF:0
FNH:0
DA:1,1
DA:3,1
LF:2
LH:2
BRF:0
BRH:0
end_of_record
TN:
SF:src\util\jwt-functions.ts
FN:13,generateToken
FN:23,validateToken
FNF:2
FNH:2
FNDA:5,generateToken
FNDA:1,validateToken
DA:1,2
DA:3,2
DA:13,2
DA:14,5
DA:16,5
DA:20,5
DA:23,2
DA:24,1
DA:26,1
LF:9
LH:9
BRF:0
BRH:0
end_of_record
TN:
SF:test\GraphQLTestClient.ts
FN:9,(anonymous_8)
FN:12,(anonymous_9)
FNF:2
FNH:2
FNDA:10,(anonymous_8)
FNDA:10,(anonymous_9)
DA:1,1
DA:3,1
DA:4,1
DA:5,1
DA:7,1
DA:9,1
DA:12,10
DA:13,10
DA:19,10
LF:9
LH:9
BRF:0
BRH:0
end_of_record
TN:
SF:test\query.ts
FNF:0
FNH:0
DA:1,1
DA:9,1
DA:17,1
LF:3
LH:3
BRF:0
BRH:0
end_of_record
